<?xml version="1.0" encoding="UTF-8"?>
<testsuite xmlns:xsi="http://www.w3.org/2001/XMLSchema-instance" xsi:noNamespaceSchemaLocation="https://maven.apache.org/surefire/maven-surefire-plugin/xsd/surefire-test-report-3.0.xsd" version="3.0" name="TestSuite" time="96.291" tests="9" errors="0" skipped="0" failures="0">
  <properties>
    <property name="java.specification.version" value="17"/>
    <property name="webdriver.chrome.driver" value="src/main/resources/chromedriver.exe"/>
    <property name="sun.cpu.isalist" value="amd64"/>
    <property name="sun.jnu.encoding" value="Cp1251"/>
    <property name="java.class.path" value="D:\Learning_QA\Cursor\HW23_Lecture27_BDD_Gherkin_Cucumber\target\test-classes;D:\Learning_QA\Cursor\HW23_Lecture27_BDD_Gherkin_Cucumber\target\classes;C:\Users\okuchmuk\.m2\repository\org\apache\logging\log4j\log4j-core\2.19.0\log4j-core-2.19.0.jar;C:\Users\okuchmuk\.m2\repository\org\apache\logging\log4j\log4j-api\2.19.0\log4j-api-2.19.0.jar;C:\Users\okuchmuk\.m2\repository\com\fasterxml\jackson\dataformat\jackson-dataformat-yaml\2.13.4\jackson-dataformat-yaml-2.13.4.jar;C:\Users\okuchmuk\.m2\repository\org\yaml\snakeyaml\1.31\snakeyaml-1.31.jar;C:\Users\okuchmuk\.m2\repository\com\fasterxml\jackson\core\jackson-core\2.13.4\jackson-core-2.13.4.jar;C:\Users\okuchmuk\.m2\repository\com\fasterxml\jackson\core\jackson-databind\2.13.4\jackson-databind-2.13.4.jar;C:\Users\okuchmuk\.m2\repository\com\fasterxml\jackson\core\jackson-annotations\2.13.4\jackson-annotations-2.13.4.jar;C:\Users\okuchmuk\.m2\repository\org\testng\testng\7.6.1\testng-7.6.1.jar;C:\Users\okuchmuk\.m2\repository\com\google\code\findbugs\jsr305\3.0.2\jsr305-3.0.2.jar;C:\Users\okuchmuk\.m2\repository\org\slf4j\slf4j-api\1.7.36\slf4j-api-1.7.36.jar;C:\Users\okuchmuk\.m2\repository\com\beust\jcommander\1.82\jcommander-1.82.jar;C:\Users\okuchmuk\.m2\repository\org\webjars\jquery\3.6.0\jquery-3.6.0.jar;C:\Users\okuchmuk\.m2\repository\org\seleniumhq\selenium\selenium-java\4.4.0\selenium-java-4.4.0.jar;C:\Users\okuchmuk\.m2\repository\org\seleniumhq\selenium\selenium-api\4.4.0\selenium-api-4.4.0.jar;C:\Users\okuchmuk\.m2\repository\org\seleniumhq\selenium\selenium-chrome-driver\4.4.0\selenium-chrome-driver-4.4.0.jar;C:\Users\okuchmuk\.m2\repository\com\google\auto\service\auto-service-annotations\1.0.1\auto-service-annotations-1.0.1.jar;C:\Users\okuchmuk\.m2\repository\com\google\auto\service\auto-service\1.0.1\auto-service-1.0.1.jar;C:\Users\okuchmuk\.m2\repository\com\google\auto\auto-common\1.2\auto-common-1.2.jar;C:\Users\okuchmuk\.m2\repository\com\google\guava\guava\31.1-jre\guava-31.1-jre.jar;C:\Users\okuchmuk\.m2\repository\com\google\guava\failureaccess\1.0.1\failureaccess-1.0.1.jar;C:\Users\okuchmuk\.m2\repository\com\google\guava\listenablefuture\9999.0-empty-to-avoid-conflict-with-guava\listenablefuture-9999.0-empty-to-avoid-conflict-with-guava.jar;C:\Users\okuchmuk\.m2\repository\org\checkerframework\checker-qual\3.12.0\checker-qual-3.12.0.jar;C:\Users\okuchmuk\.m2\repository\com\google\errorprone\error_prone_annotations\2.11.0\error_prone_annotations-2.11.0.jar;C:\Users\okuchmuk\.m2\repository\com\google\j2objc\j2objc-annotations\1.3\j2objc-annotations-1.3.jar;C:\Users\okuchmuk\.m2\repository\org\seleniumhq\selenium\selenium-chromium-driver\4.4.0\selenium-chromium-driver-4.4.0.jar;C:\Users\okuchmuk\.m2\repository\org\seleniumhq\selenium\selenium-json\4.4.0\selenium-json-4.4.0.jar;C:\Users\okuchmuk\.m2\repository\org\seleniumhq\selenium\selenium-devtools-v102\4.4.0\selenium-devtools-v102-4.4.0.jar;C:\Users\okuchmuk\.m2\repository\org\seleniumhq\selenium\selenium-devtools-v103\4.4.0\selenium-devtools-v103-4.4.0.jar;C:\Users\okuchmuk\.m2\repository\org\seleniumhq\selenium\selenium-devtools-v104\4.4.0\selenium-devtools-v104-4.4.0.jar;C:\Users\okuchmuk\.m2\repository\org\seleniumhq\selenium\selenium-devtools-v85\4.4.0\selenium-devtools-v85-4.4.0.jar;C:\Users\okuchmuk\.m2\repository\org\seleniumhq\selenium\selenium-edge-driver\4.4.0\selenium-edge-driver-4.4.0.jar;C:\Users\okuchmuk\.m2\repository\org\seleniumhq\selenium\selenium-firefox-driver\4.4.0\selenium-firefox-driver-4.4.0.jar;C:\Users\okuchmuk\.m2\repository\org\seleniumhq\selenium\selenium-ie-driver\4.4.0\selenium-ie-driver-4.4.0.jar;C:\Users\okuchmuk\.m2\repository\org\seleniumhq\selenium\selenium-opera-driver\4.4.0\selenium-opera-driver-4.4.0.jar;C:\Users\okuchmuk\.m2\repository\org\seleniumhq\selenium\selenium-remote-driver\4.4.0\selenium-remote-driver-4.4.0.jar;C:\Users\okuchmuk\.m2\repository\io\netty\netty-buffer\4.1.78.Final\netty-buffer-4.1.78.Final.jar;C:\Users\okuchmuk\.m2\repository\io\netty\netty-codec-http\4.1.78.Final\netty-codec-http-4.1.78.Final.jar;C:\Users\okuchmuk\.m2\repository\io\netty\netty-codec\4.1.78.Final\netty-codec-4.1.78.Final.jar;C:\Users\okuchmuk\.m2\repository\io\netty\netty-handler\4.1.78.Final\netty-handler-4.1.78.Final.jar;C:\Users\okuchmuk\.m2\repository\io\netty\netty-common\4.1.78.Final\netty-common-4.1.78.Final.jar;C:\Users\okuchmuk\.m2\repository\io\netty\netty-transport-classes-epoll\4.1.78.Final\netty-transport-classes-epoll-4.1.78.Final.jar;C:\Users\okuchmuk\.m2\repository\io\netty\netty-transport-classes-kqueue\4.1.78.Final\netty-transport-classes-kqueue-4.1.78.Final.jar;C:\Users\okuchmuk\.m2\repository\io\netty\netty-transport-native-epoll\4.1.78.Final\netty-transport-native-epoll-4.1.78.Final.jar;C:\Users\okuchmuk\.m2\repository\io\netty\netty-transport-native-kqueue\4.1.78.Final\netty-transport-native-kqueue-4.1.78.Final.jar;C:\Users\okuchmuk\.m2\repository\io\netty\netty-transport-native-unix-common\4.1.78.Final\netty-transport-native-unix-common-4.1.78.Final.jar;C:\Users\okuchmuk\.m2\repository\io\netty\netty-transport\4.1.78.Final\netty-transport-4.1.78.Final.jar;C:\Users\okuchmuk\.m2\repository\io\netty\netty-resolver\4.1.78.Final\netty-resolver-4.1.78.Final.jar;C:\Users\okuchmuk\.m2\repository\io\opentelemetry\opentelemetry-api\1.16.0\opentelemetry-api-1.16.0.jar;C:\Users\okuchmuk\.m2\repository\io\opentelemetry\opentelemetry-context\1.16.0\opentelemetry-context-1.16.0.jar;C:\Users\okuchmuk\.m2\repository\io\opentelemetry\opentelemetry-exporter-logging\1.16.0\opentelemetry-exporter-logging-1.16.0.jar;C:\Users\okuchmuk\.m2\repository\io\opentelemetry\opentelemetry-sdk-metrics\1.16.0\opentelemetry-sdk-metrics-1.16.0.jar;C:\Users\okuchmuk\.m2\repository\io\opentelemetry\opentelemetry-sdk-logs\1.16.0-alpha\opentelemetry-sdk-logs-1.16.0-alpha.jar;C:\Users\okuchmuk\.m2\repository\io\opentelemetry\opentelemetry-sdk-common\1.16.0\opentelemetry-sdk-common-1.16.0.jar;C:\Users\okuchmuk\.m2\repository\io\opentelemetry\opentelemetry-sdk-extension-autoconfigure-spi\1.16.0\opentelemetry-sdk-extension-autoconfigure-spi-1.16.0.jar;C:\Users\okuchmuk\.m2\repository\io\opentelemetry\opentelemetry-sdk-extension-autoconfigure\1.16.0-alpha\opentelemetry-sdk-extension-autoconfigure-1.16.0-alpha.jar;C:\Users\okuchmuk\.m2\repository\io\opentelemetry\opentelemetry-sdk-trace\1.16.0\opentelemetry-sdk-trace-1.16.0.jar;C:\Users\okuchmuk\.m2\repository\io\opentelemetry\opentelemetry-sdk\1.16.0\opentelemetry-sdk-1.16.0.jar;C:\Users\okuchmuk\.m2\repository\io\opentelemetry\opentelemetry-semconv\1.16.0-alpha\opentelemetry-semconv-1.16.0-alpha.jar;C:\Users\okuchmuk\.m2\repository\io\ous\jtoml\2.0.0\jtoml-2.0.0.jar;C:\Users\okuchmuk\.m2\repository\net\bytebuddy\byte-buddy\1.12.10\byte-buddy-1.12.10.jar;C:\Users\okuchmuk\.m2\repository\org\apache\commons\commons-exec\1.3\commons-exec-1.3.jar;C:\Users\okuchmuk\.m2\repository\org\asynchttpclient\async-http-client\2.12.3\async-http-client-2.12.3.jar;C:\Users\okuchmuk\.m2\repository\org\asynchttpclient\async-http-client-netty-utils\2.12.3\async-http-client-netty-utils-2.12.3.jar;C:\Users\okuchmuk\.m2\repository\io\netty\netty-codec-socks\4.1.60.Final\netty-codec-socks-4.1.60.Final.jar;C:\Users\okuchmuk\.m2\repository\io\netty\netty-handler-proxy\4.1.60.Final\netty-handler-proxy-4.1.60.Final.jar;C:\Users\okuchmuk\.m2\repository\io\netty\netty-transport-native-epoll\4.1.60.Final\netty-transport-native-epoll-4.1.60.Final-linux-x86_64.jar;C:\Users\okuchmuk\.m2\repository\io\netty\netty-transport-native-kqueue\4.1.60.Final\netty-transport-native-kqueue-4.1.60.Final-osx-x86_64.jar;C:\Users\okuchmuk\.m2\repository\org\reactivestreams\reactive-streams\1.0.3\reactive-streams-1.0.3.jar;C:\Users\okuchmuk\.m2\repository\com\typesafe\netty\netty-reactive-streams\2.0.4\netty-reactive-streams-2.0.4.jar;C:\Users\okuchmuk\.m2\repository\com\sun\activation\jakarta.activation\1.2.2\jakarta.activation-1.2.2.jar;C:\Users\okuchmuk\.m2\repository\org\seleniumhq\selenium\selenium-http\4.4.0\selenium-http-4.4.0.jar;C:\Users\okuchmuk\.m2\repository\dev\failsafe\failsafe\3.2.4\failsafe-3.2.4.jar;C:\Users\okuchmuk\.m2\repository\org\seleniumhq\selenium\selenium-safari-driver\4.4.0\selenium-safari-driver-4.4.0.jar;C:\Users\okuchmuk\.m2\repository\org\seleniumhq\selenium\selenium-support\4.4.0\selenium-support-4.4.0.jar;C:\Users\okuchmuk\.m2\repository\io\cucumber\cucumber-java\7.8.1\cucumber-java-7.8.1.jar;C:\Users\okuchmuk\.m2\repository\io\cucumber\cucumber-core\7.8.1\cucumber-core-7.8.1.jar;C:\Users\okuchmuk\.m2\repository\io\cucumber\cucumber-gherkin\7.8.1\cucumber-gherkin-7.8.1.jar;C:\Users\okuchmuk\.m2\repository\io\cucumber\cucumber-gherkin-messages\7.8.1\cucumber-gherkin-messages-7.8.1.jar;C:\Users\okuchmuk\.m2\repository\io\cucumber\gherkin\24.0.0\gherkin-24.0.0.jar;C:\Users\okuchmuk\.m2\repository\io\cucumber\messages\19.1.4\messages-19.1.4.jar;C:\Users\okuchmuk\.m2\repository\io\cucumber\tag-expressions\4.1.0\tag-expressions-4.1.0.jar;C:\Users\okuchmuk\.m2\repository\io\cucumber\cucumber-expressions\16.0.0\cucumber-expressions-16.0.0.jar;C:\Users\okuchmuk\.m2\repository\io\cucumber\datatable\7.8.1\datatable-7.8.1.jar;C:\Users\okuchmuk\.m2\repository\io\cucumber\cucumber-plugin\7.8.1\cucumber-plugin-7.8.1.jar;C:\Users\okuchmuk\.m2\repository\io\cucumber\docstring\7.8.1\docstring-7.8.1.jar;C:\Users\okuchmuk\.m2\repository\io\cucumber\html-formatter\20.1.0\html-formatter-20.1.0.jar;C:\Users\okuchmuk\.m2\repository\io\cucumber\ci-environment\9.1.0\ci-environment-9.1.0.jar;C:\Users\okuchmuk\.m2\repository\org\apiguardian\apiguardian-api\1.1.2\apiguardian-api-1.1.2.jar;C:\Users\okuchmuk\.m2\repository\io\cucumber\cucumber-testng\7.8.1\cucumber-testng-7.8.1.jar;"/>
    <property name="java.vm.vendor" value="Oracle Corporation"/>
    <property name="sun.arch.data.model" value="64"/>
    <property name="user.variant" value=""/>
    <property name="java.vendor.url" value="https://java.oracle.com/"/>
    <property name="user.timezone" value="Europe/Kiev"/>
    <property name="os.name" value="Windows 10"/>
    <property name="java.vm.specification.version" value="17"/>
    <property name="sun.java.launcher" value="SUN_STANDARD"/>
    <property name="user.country" value="UA"/>
    <property name="sun.boot.library.path" value="C:\Program Files\Java\jdk-17.0.1\bin"/>
    <property name="sun.java.command" value="C:\Users\okuchmuk\AppData\Local\Temp\surefire6784860215160058929\surefirebooter-20221021204700572_3.jar C:\Users\okuchmuk\AppData\Local\Temp\surefire6784860215160058929 2022-10-21T20-47-00_197-jvmRun1 surefire-20221021204700572_1tmp surefire_0-20221021204700572_2tmp"/>
    <property name="jdk.debug" value="release"/>
    <property name="surefire.test.class.path" value="D:\Learning_QA\Cursor\HW23_Lecture27_BDD_Gherkin_Cucumber\target\test-classes;D:\Learning_QA\Cursor\HW23_Lecture27_BDD_Gherkin_Cucumber\target\classes;C:\Users\okuchmuk\.m2\repository\org\apache\logging\log4j\log4j-core\2.19.0\log4j-core-2.19.0.jar;C:\Users\okuchmuk\.m2\repository\org\apache\logging\log4j\log4j-api\2.19.0\log4j-api-2.19.0.jar;C:\Users\okuchmuk\.m2\repository\com\fasterxml\jackson\dataformat\jackson-dataformat-yaml\2.13.4\jackson-dataformat-yaml-2.13.4.jar;C:\Users\okuchmuk\.m2\repository\org\yaml\snakeyaml\1.31\snakeyaml-1.31.jar;C:\Users\okuchmuk\.m2\repository\com\fasterxml\jackson\core\jackson-core\2.13.4\jackson-core-2.13.4.jar;C:\Users\okuchmuk\.m2\repository\com\fasterxml\jackson\core\jackson-databind\2.13.4\jackson-databind-2.13.4.jar;C:\Users\okuchmuk\.m2\repository\com\fasterxml\jackson\core\jackson-annotations\2.13.4\jackson-annotations-2.13.4.jar;C:\Users\okuchmuk\.m2\repository\org\testng\testng\7.6.1\testng-7.6.1.jar;C:\Users\okuchmuk\.m2\repository\com\google\code\findbugs\jsr305\3.0.2\jsr305-3.0.2.jar;C:\Users\okuchmuk\.m2\repository\org\slf4j\slf4j-api\1.7.36\slf4j-api-1.7.36.jar;C:\Users\okuchmuk\.m2\repository\com\beust\jcommander\1.82\jcommander-1.82.jar;C:\Users\okuchmuk\.m2\repository\org\webjars\jquery\3.6.0\jquery-3.6.0.jar;C:\Users\okuchmuk\.m2\repository\org\seleniumhq\selenium\selenium-java\4.4.0\selenium-java-4.4.0.jar;C:\Users\okuchmuk\.m2\repository\org\seleniumhq\selenium\selenium-api\4.4.0\selenium-api-4.4.0.jar;C:\Users\okuchmuk\.m2\repository\org\seleniumhq\selenium\selenium-chrome-driver\4.4.0\selenium-chrome-driver-4.4.0.jar;C:\Users\okuchmuk\.m2\repository\com\google\auto\service\auto-service-annotations\1.0.1\auto-service-annotations-1.0.1.jar;C:\Users\okuchmuk\.m2\repository\com\google\auto\service\auto-service\1.0.1\auto-service-1.0.1.jar;C:\Users\okuchmuk\.m2\repository\com\google\auto\auto-common\1.2\auto-common-1.2.jar;C:\Users\okuchmuk\.m2\repository\com\google\guava\guava\31.1-jre\guava-31.1-jre.jar;C:\Users\okuchmuk\.m2\repository\com\google\guava\failureaccess\1.0.1\failureaccess-1.0.1.jar;C:\Users\okuchmuk\.m2\repository\com\google\guava\listenablefuture\9999.0-empty-to-avoid-conflict-with-guava\listenablefuture-9999.0-empty-to-avoid-conflict-with-guava.jar;C:\Users\okuchmuk\.m2\repository\org\checkerframework\checker-qual\3.12.0\checker-qual-3.12.0.jar;C:\Users\okuchmuk\.m2\repository\com\google\errorprone\error_prone_annotations\2.11.0\error_prone_annotations-2.11.0.jar;C:\Users\okuchmuk\.m2\repository\com\google\j2objc\j2objc-annotations\1.3\j2objc-annotations-1.3.jar;C:\Users\okuchmuk\.m2\repository\org\seleniumhq\selenium\selenium-chromium-driver\4.4.0\selenium-chromium-driver-4.4.0.jar;C:\Users\okuchmuk\.m2\repository\org\seleniumhq\selenium\selenium-json\4.4.0\selenium-json-4.4.0.jar;C:\Users\okuchmuk\.m2\repository\org\seleniumhq\selenium\selenium-devtools-v102\4.4.0\selenium-devtools-v102-4.4.0.jar;C:\Users\okuchmuk\.m2\repository\org\seleniumhq\selenium\selenium-devtools-v103\4.4.0\selenium-devtools-v103-4.4.0.jar;C:\Users\okuchmuk\.m2\repository\org\seleniumhq\selenium\selenium-devtools-v104\4.4.0\selenium-devtools-v104-4.4.0.jar;C:\Users\okuchmuk\.m2\repository\org\seleniumhq\selenium\selenium-devtools-v85\4.4.0\selenium-devtools-v85-4.4.0.jar;C:\Users\okuchmuk\.m2\repository\org\seleniumhq\selenium\selenium-edge-driver\4.4.0\selenium-edge-driver-4.4.0.jar;C:\Users\okuchmuk\.m2\repository\org\seleniumhq\selenium\selenium-firefox-driver\4.4.0\selenium-firefox-driver-4.4.0.jar;C:\Users\okuchmuk\.m2\repository\org\seleniumhq\selenium\selenium-ie-driver\4.4.0\selenium-ie-driver-4.4.0.jar;C:\Users\okuchmuk\.m2\repository\org\seleniumhq\selenium\selenium-opera-driver\4.4.0\selenium-opera-driver-4.4.0.jar;C:\Users\okuchmuk\.m2\repository\org\seleniumhq\selenium\selenium-remote-driver\4.4.0\selenium-remote-driver-4.4.0.jar;C:\Users\okuchmuk\.m2\repository\io\netty\netty-buffer\4.1.78.Final\netty-buffer-4.1.78.Final.jar;C:\Users\okuchmuk\.m2\repository\io\netty\netty-codec-http\4.1.78.Final\netty-codec-http-4.1.78.Final.jar;C:\Users\okuchmuk\.m2\repository\io\netty\netty-codec\4.1.78.Final\netty-codec-4.1.78.Final.jar;C:\Users\okuchmuk\.m2\repository\io\netty\netty-handler\4.1.78.Final\netty-handler-4.1.78.Final.jar;C:\Users\okuchmuk\.m2\repository\io\netty\netty-common\4.1.78.Final\netty-common-4.1.78.Final.jar;C:\Users\okuchmuk\.m2\repository\io\netty\netty-transport-classes-epoll\4.1.78.Final\netty-transport-classes-epoll-4.1.78.Final.jar;C:\Users\okuchmuk\.m2\repository\io\netty\netty-transport-classes-kqueue\4.1.78.Final\netty-transport-classes-kqueue-4.1.78.Final.jar;C:\Users\okuchmuk\.m2\repository\io\netty\netty-transport-native-epoll\4.1.78.Final\netty-transport-native-epoll-4.1.78.Final.jar;C:\Users\okuchmuk\.m2\repository\io\netty\netty-transport-native-kqueue\4.1.78.Final\netty-transport-native-kqueue-4.1.78.Final.jar;C:\Users\okuchmuk\.m2\repository\io\netty\netty-transport-native-unix-common\4.1.78.Final\netty-transport-native-unix-common-4.1.78.Final.jar;C:\Users\okuchmuk\.m2\repository\io\netty\netty-transport\4.1.78.Final\netty-transport-4.1.78.Final.jar;C:\Users\okuchmuk\.m2\repository\io\netty\netty-resolver\4.1.78.Final\netty-resolver-4.1.78.Final.jar;C:\Users\okuchmuk\.m2\repository\io\opentelemetry\opentelemetry-api\1.16.0\opentelemetry-api-1.16.0.jar;C:\Users\okuchmuk\.m2\repository\io\opentelemetry\opentelemetry-context\1.16.0\opentelemetry-context-1.16.0.jar;C:\Users\okuchmuk\.m2\repository\io\opentelemetry\opentelemetry-exporter-logging\1.16.0\opentelemetry-exporter-logging-1.16.0.jar;C:\Users\okuchmuk\.m2\repository\io\opentelemetry\opentelemetry-sdk-metrics\1.16.0\opentelemetry-sdk-metrics-1.16.0.jar;C:\Users\okuchmuk\.m2\repository\io\opentelemetry\opentelemetry-sdk-logs\1.16.0-alpha\opentelemetry-sdk-logs-1.16.0-alpha.jar;C:\Users\okuchmuk\.m2\repository\io\opentelemetry\opentelemetry-sdk-common\1.16.0\opentelemetry-sdk-common-1.16.0.jar;C:\Users\okuchmuk\.m2\repository\io\opentelemetry\opentelemetry-sdk-extension-autoconfigure-spi\1.16.0\opentelemetry-sdk-extension-autoconfigure-spi-1.16.0.jar;C:\Users\okuchmuk\.m2\repository\io\opentelemetry\opentelemetry-sdk-extension-autoconfigure\1.16.0-alpha\opentelemetry-sdk-extension-autoconfigure-1.16.0-alpha.jar;C:\Users\okuchmuk\.m2\repository\io\opentelemetry\opentelemetry-sdk-trace\1.16.0\opentelemetry-sdk-trace-1.16.0.jar;C:\Users\okuchmuk\.m2\repository\io\opentelemetry\opentelemetry-sdk\1.16.0\opentelemetry-sdk-1.16.0.jar;C:\Users\okuchmuk\.m2\repository\io\opentelemetry\opentelemetry-semconv\1.16.0-alpha\opentelemetry-semconv-1.16.0-alpha.jar;C:\Users\okuchmuk\.m2\repository\io\ous\jtoml\2.0.0\jtoml-2.0.0.jar;C:\Users\okuchmuk\.m2\repository\net\bytebuddy\byte-buddy\1.12.10\byte-buddy-1.12.10.jar;C:\Users\okuchmuk\.m2\repository\org\apache\commons\commons-exec\1.3\commons-exec-1.3.jar;C:\Users\okuchmuk\.m2\repository\org\asynchttpclient\async-http-client\2.12.3\async-http-client-2.12.3.jar;C:\Users\okuchmuk\.m2\repository\org\asynchttpclient\async-http-client-netty-utils\2.12.3\async-http-client-netty-utils-2.12.3.jar;C:\Users\okuchmuk\.m2\repository\io\netty\netty-codec-socks\4.1.60.Final\netty-codec-socks-4.1.60.Final.jar;C:\Users\okuchmuk\.m2\repository\io\netty\netty-handler-proxy\4.1.60.Final\netty-handler-proxy-4.1.60.Final.jar;C:\Users\okuchmuk\.m2\repository\io\netty\netty-transport-native-epoll\4.1.60.Final\netty-transport-native-epoll-4.1.60.Final-linux-x86_64.jar;C:\Users\okuchmuk\.m2\repository\io\netty\netty-transport-native-kqueue\4.1.60.Final\netty-transport-native-kqueue-4.1.60.Final-osx-x86_64.jar;C:\Users\okuchmuk\.m2\repository\org\reactivestreams\reactive-streams\1.0.3\reactive-streams-1.0.3.jar;C:\Users\okuchmuk\.m2\repository\com\typesafe\netty\netty-reactive-streams\2.0.4\netty-reactive-streams-2.0.4.jar;C:\Users\okuchmuk\.m2\repository\com\sun\activation\jakarta.activation\1.2.2\jakarta.activation-1.2.2.jar;C:\Users\okuchmuk\.m2\repository\org\seleniumhq\selenium\selenium-http\4.4.0\selenium-http-4.4.0.jar;C:\Users\okuchmuk\.m2\repository\dev\failsafe\failsafe\3.2.4\failsafe-3.2.4.jar;C:\Users\okuchmuk\.m2\repository\org\seleniumhq\selenium\selenium-safari-driver\4.4.0\selenium-safari-driver-4.4.0.jar;C:\Users\okuchmuk\.m2\repository\org\seleniumhq\selenium\selenium-support\4.4.0\selenium-support-4.4.0.jar;C:\Users\okuchmuk\.m2\repository\io\cucumber\cucumber-java\7.8.1\cucumber-java-7.8.1.jar;C:\Users\okuchmuk\.m2\repository\io\cucumber\cucumber-core\7.8.1\cucumber-core-7.8.1.jar;C:\Users\okuchmuk\.m2\repository\io\cucumber\cucumber-gherkin\7.8.1\cucumber-gherkin-7.8.1.jar;C:\Users\okuchmuk\.m2\repository\io\cucumber\cucumber-gherkin-messages\7.8.1\cucumber-gherkin-messages-7.8.1.jar;C:\Users\okuchmuk\.m2\repository\io\cucumber\gherkin\24.0.0\gherkin-24.0.0.jar;C:\Users\okuchmuk\.m2\repository\io\cucumber\messages\19.1.4\messages-19.1.4.jar;C:\Users\okuchmuk\.m2\repository\io\cucumber\tag-expressions\4.1.0\tag-expressions-4.1.0.jar;C:\Users\okuchmuk\.m2\repository\io\cucumber\cucumber-expressions\16.0.0\cucumber-expressions-16.0.0.jar;C:\Users\okuchmuk\.m2\repository\io\cucumber\datatable\7.8.1\datatable-7.8.1.jar;C:\Users\okuchmuk\.m2\repository\io\cucumber\cucumber-plugin\7.8.1\cucumber-plugin-7.8.1.jar;C:\Users\okuchmuk\.m2\repository\io\cucumber\docstring\7.8.1\docstring-7.8.1.jar;C:\Users\okuchmuk\.m2\repository\io\cucumber\html-formatter\20.1.0\html-formatter-20.1.0.jar;C:\Users\okuchmuk\.m2\repository\io\cucumber\ci-environment\9.1.0\ci-environment-9.1.0.jar;C:\Users\okuchmuk\.m2\repository\org\apiguardian\apiguardian-api\1.1.2\apiguardian-api-1.1.2.jar;C:\Users\okuchmuk\.m2\repository\io\cucumber\cucumber-testng\7.8.1\cucumber-testng-7.8.1.jar;"/>
    <property name="sun.cpu.endian" value="little"/>
    <property name="user.home" value="C:\Users\okuchmuk"/>
    <property name="user.language" value="uk"/>
    <property name="java.specification.vendor" value="Oracle Corporation"/>
    <property name="java.version.date" value="2021-10-19"/>
    <property name="java.home" value="C:\Program Files\Java\jdk-17.0.1"/>
    <property name="file.separator" value="\"/>
    <property name="basedir" value="D:\Learning_QA\Cursor\HW23_Lecture27_BDD_Gherkin_Cucumber"/>
    <property name="java.vm.compressedOopsMode" value="32-bit"/>
    <property name="line.separator" value="&#10;"/>
    <property name="java.vm.specification.vendor" value="Oracle Corporation"/>
    <property name="java.specification.name" value="Java Platform API Specification"/>
    <property name="surefire.real.class.path" value="C:\Users\okuchmuk\AppData\Local\Temp\surefire6784860215160058929\surefirebooter-20221021204700572_3.jar"/>
    <property name="user.script" value=""/>
    <property name="sun.management.compiler" value="HotSpot 64-Bit Tiered Compilers"/>
    <property name="java.runtime.version" value="17.0.1+12-LTS-39"/>
    <property name="user.name" value="okuchmuk"/>
    <property name="path.separator" value=";"/>
    <property name="os.version" value="10.0"/>
    <property name="java.runtime.name" value="Java(TM) SE Runtime Environment"/>
    <property name="file.encoding" value="Cp1251"/>
    <property name="java.vm.name" value="Java HotSpot(TM) 64-Bit Server VM"/>
    <property name="localRepository" value="C:\Users\okuchmuk\.m2\repository"/>
    <property name="java.vendor.url.bug" value="https://bugreport.java.com/bugreport/"/>
    <property name="java.io.tmpdir" value="C:\Users\okuchmuk\AppData\Local\Temp\"/>
    <property name="java.version" value="17.0.1"/>
    <property name="user.dir" value="D:\Learning_QA\Cursor\HW23_Lecture27_BDD_Gherkin_Cucumber"/>
    <property name="os.arch" value="amd64"/>
    <property name="java.vm.specification.name" value="Java Virtual Machine Specification"/>
    <property name="sun.os.patch.level" value=""/>
    <property name="native.encoding" value="Cp1251"/>
    <property name="java.library.path" value="C:\Program Files\Java\jdk-17.0.1\bin;C:\WINDOWS\Sun\Java\bin;C:\WINDOWS\system32;C:\WINDOWS;C:\Program Files\Common Files\Oracle\Java\javapath;C:\WINDOWS\system32;C:\WINDOWS;C:\WINDOWS\System32\Wbem;C:\WINDOWS\System32\WindowsPowerShell\v1.0\;C:\WINDOWS\System32\OpenSSH\;C:\Program Files\Git\cmd;C:\Program Files (x86)\gnupg\bin;C:\Program Files\apache-maven-3.8.6-bin\apache-maven-3.8.6\bin;D:\Програми для програмування\allure-2.19.0\bin;C:\Program Files\MySQL\MySQL Shell 8.0\bin\;C:\Users\okuchmuk\AppData\Local\Microsoft\WindowsApps;C:\Program Files\JetBrains\IntelliJ IDEA Community Edition 2021.2.3\bin;;C:\Users\okuchmuk\AppData\Local\GitHubDesktop\bin;C:\Users\okuchmuk\AppData\Local\Programs\Microsoft VS Code\bin;."/>
    <property name="java.vm.info" value="mixed mode, sharing"/>
    <property name="java.vendor" value="Oracle Corporation"/>
    <property name="java.vm.version" value="17.0.1+12-LTS-39"/>
    <property name="sun.io.unicode.encoding" value="UnicodeLittle"/>
    <property name="java.class.version" value="61.0"/>
  </properties>
  <testcase name="runScenario[&quot;On page Laptop Hp G8 page click on &apos;Buy&apos; and &apos;To order&apos; buttons&quot;, &quot;Rozetka HP G8 Laptop page&quot;](1)" classname="com.cursor.runner.CucumberRunnerTests" time="13.944">
    <system-out><![CDATA[
@Tag
Scenario: On page Laptop Hp G8 page click on 'Buy' and 'To order' buttons &amp#27;[90m# src/test/resources/features/FirstLaptopHPPage.feature:7&amp#27;[0m
  &amp#27;[32mGiven &amp#27;[0m&amp#27;[32mI am On Rozetka Laptop HP G8 page&amp#27;[0m                                 &amp#27;[90m# com.cursor.definitions.FirstLaptopHPPageDefinition.iAmInLaptopHPG8Page()&amp#27;[0m
&amp#27;[32mINFO &amp#27;[m	&amp#27;[34m2022-10-21  20:47:12.021&amp#27;[m FirstLaptopHPPage:20 - &amp#27;[32mClicking on 'Buy' button&amp#27;[m 
  &amp#27;[32mWhen &amp#27;[0m&amp#27;[32mI click on 'Buy' button&amp#27;[0m                                            &amp#27;[90m# com.cursor.definitions.FirstLaptopHPPageDefinition.clickOnBuyButton()&amp#27;[0m
&amp#27;[32mINFO &amp#27;[m	&amp#27;[34m2022-10-21  20:47:13.904&amp#27;[m FirstLaptopHPPage:27 - &amp#27;[32mClicking on 'To order' button&amp#27;[m 
  &amp#27;[32mWhen &amp#27;[0m&amp#27;[32mI click on 'To order' button&amp#27;[0m                                       &amp#27;[90m# com.cursor.definitions.FirstLaptopHPPageDefinition.clickOnToOrderButton()&amp#27;[0m
  &amp#27;[32mThen &amp#27;[0m&amp#27;[32mthe page title should start with &amp#27;[0m&amp#27;[32m&amp#27;[1m"ROZETKA вЂ” РћС„РѕСЂРјР»РµРЅРЅСЏ Р·Р°РјРѕРІР»РµРЅРЅСЏ"&amp#27;[0m &amp#27;[90m# com.cursor.definitions.RozetkaMainPageDefinition.checkTitle(java.lang.String)&amp#27;[0m
]]></system-out>
    <system-err><![CDATA[SLF4J: Failed to load class "org.slf4j.impl.StaticLoggerBinder".
SLF4J: Defaulting to no-operation (NOP) logger implementation
SLF4J: See http://www.slf4j.org/codes.html#StaticLoggerBinder for further details.
Starting ChromeDriver 106.0.5249.61 (511755355844955cd3e264779baf0dd38212a4d0-refs/branch-heads/5249@{#569}) on port 62828
Only local connections are allowed.
Please see https://chromedriver.chromium.org/security-considerations for suggestions on keeping ChromeDriver safe.
ChromeDriver was started successfully.
жовт. 21, 2022 8:47:05 ПП org.openqa.selenium.remote.ProtocolHandshake createSession
INFO: Detected upstream dialect: W3C
жовт. 21, 2022 8:47:05 ПП org.openqa.selenium.devtools.CdpVersionFinder findNearestMatch
WARNING: Unable to find an exact match for CDP version 106, so returning the closest version found: 104
жовт. 21, 2022 8:47:05 ПП org.openqa.selenium.devtools.CdpVersionFinder findNearestMatch
INFO: Found CDP implementation for version 106 of 104
]]></system-err>
  </testcase>
  <testcase name="runScenario[&quot;Take count and total price Products in Basket&quot;, &quot;Rozetka HP G8 Laptop page&quot;](2)" classname="com.cursor.runner.CucumberRunnerTests" time="14.374">
    <system-out><![CDATA[
@Tag
Scenario: Take count and total price Products in Basket                &amp#27;[90m# src/test/resources/features/FirstLaptopHPPage.feature:13&amp#27;[0m
  &amp#27;[32mGiven &amp#27;[0m&amp#27;[32mI am On Rozetka Laptop HP G8 page&amp#27;[0m                              &amp#27;[90m# com.cursor.definitions.FirstLaptopHPPageDefinition.iAmInLaptopHPG8Page()&amp#27;[0m
&amp#27;[32mINFO &amp#27;[m	&amp#27;[34m2022-10-21  20:47:20.751&amp#27;[m FirstLaptopHPPage:20 - &amp#27;[32mClicking on 'Buy' button&amp#27;[m 
  &amp#27;[32mWhen &amp#27;[0m&amp#27;[32mI click on 'Buy' button&amp#27;[0m                                         &amp#27;[90m# com.cursor.definitions.FirstLaptopHPPageDefinition.clickOnBuyButton()&amp#27;[0m
&amp#27;[32mINFO &amp#27;[m	&amp#27;[34m2022-10-21  20:47:22.505&amp#27;[m FirstLaptopHPPage:27 - &amp#27;[32mClicking on 'To order' button&amp#27;[m 
  &amp#27;[32mWhen &amp#27;[0m&amp#27;[32mI click on 'To order' button&amp#27;[0m                                    &amp#27;[90m# com.cursor.definitions.FirstLaptopHPPageDefinition.clickOnToOrderButton()&amp#27;[0m
&amp#27;[32mINFO &amp#27;[m	&amp#27;[34m2022-10-21  20:47:25.658&amp#27;[m BasketPage:18 - &amp#27;[32mGetting count products in Basket&amp#27;[m 
&amp#27;[32mINFO &amp#27;[m	&amp#27;[34m2022-10-21  20:47:25.731&amp#27;[m BasketPage:30 - &amp#27;[32mMethod to take integer number from string&amp#27;[m 
  &amp#27;[32mWhen &amp#27;[0m&amp#27;[32mI take count products in Basket&amp#27;[0m                                 &amp#27;[90m# com.cursor.definitions.BasketPageDefinition.ITakeCountProductsInBasket()&amp#27;[0m
&amp#27;[32mINFO &amp#27;[m	&amp#27;[34m2022-10-21  20:47:27.744&amp#27;[m BasketPage:23 - &amp#27;[32mGetting total price from basket&amp#27;[m 
&amp#27;[32mINFO &amp#27;[m	&amp#27;[34m2022-10-21  20:47:27.773&amp#27;[m BasketPage:30 - &amp#27;[32mMethod to take integer number from string&amp#27;[m 
  &amp#27;[32mWhen &amp#27;[0m&amp#27;[32mI take total prise of products in Basket&amp#27;[0m                        &amp#27;[90m# com.cursor.definitions.BasketPageDefinition.ITakeTotalPriseProductsInBasket()&amp#27;[0m
  &amp#27;[32mThen &amp#27;[0m&amp#27;[32mI check that count products in basket is &amp#27;[0m&amp#27;[32m&amp#27;[1m1&amp#27;[0m                      &amp#27;[90m# com.cursor.definitions.BasketPageDefinition.checkTakeCountProductsInBasket(int)&amp#27;[0m
  &amp#27;[32mThen &amp#27;[0m&amp#27;[32mI check that total prise of products in basket less than &amp#27;[0m&amp#27;[32m&amp#27;[1m200000&amp#27;[0m &amp#27;[90m# com.cursor.definitions.BasketPageDefinition.checkTotalPriseProductsInBasket(int)&amp#27;[0m
]]></system-out>
    <system-err><![CDATA[Starting ChromeDriver 106.0.5249.61 (511755355844955cd3e264779baf0dd38212a4d0-refs/branch-heads/5249@{#569}) on port 51595
Only local connections are allowed.
Please see https://chromedriver.chromium.org/security-considerations for suggestions on keeping ChromeDriver safe.
ChromeDriver was started successfully.
жовт. 21, 2022 8:47:17 ПП org.openqa.selenium.remote.ProtocolHandshake createSession
INFO: Detected upstream dialect: W3C
жовт. 21, 2022 8:47:17 ПП org.openqa.selenium.devtools.CdpVersionFinder findNearestMatch
WARNING: Unable to find an exact match for CDP version 106, so returning the closest version found: 104
жовт. 21, 2022 8:47:17 ПП org.openqa.selenium.devtools.CdpVersionFinder findNearestMatch
INFO: Found CDP implementation for version 106 of 104
]]></system-err>
  </testcase>
  <testcase name="runScenario[&quot;On page with Laptops choose seller &apos;Rozetka&apos; and brand &apos;HP&apos;&quot;, &quot;Rozetka All Laptop page&quot;](3)" classname="com.cursor.runner.CucumberRunnerTests" time="10.345">
    <system-out><![CDATA[
@Tag
Scenario: On page with Laptops choose seller 'Rozetka' and brand 'HP'    &amp#27;[90m# src/test/resources/features/RozetkaAllLaptops.feature:7&amp#27;[0m
  &amp#27;[32mGiven &amp#27;[0m&amp#27;[32mI am On Rozetka Laptops page&amp#27;[0m                                     &amp#27;[90m# com.cursor.definitions.AllLaptopPageDefinition.iAmInRozetkaLaptopsPage()&amp#27;[0m
&amp#27;[32mINFO &amp#27;[m	&amp#27;[34m2022-10-21  20:47:33.673&amp#27;[m AllLaptopPageBO:16 - &amp#27;[32mstart choosing Seller Rozetka And Brand HP in left sorting menu&amp#27;[m 
&amp#27;[32mINFO &amp#27;[m	&amp#27;[34m2022-10-21  20:47:36.193&amp#27;[m AllLaptopPage:43 - &amp#27;[32mChoose seller 'Rozetka' in left side sorting menu&amp#27;[m 
&amp#27;[32mINFO &amp#27;[m	&amp#27;[34m2022-10-21  20:47:38.596&amp#27;[m AllLaptopPage:49 - &amp#27;[32mChoose brand 'HP' in left side sorting menu&amp#27;[m 
  &amp#27;[32mWhen &amp#27;[0m&amp#27;[32mI choose seller Rozetka and brand HP&amp#27;[0m                              &amp#27;[90m# com.cursor.definitions.AllLaptopPageDefinition.iChooseSellerAndBrand()&amp#27;[0m
  &amp#27;[32mThen &amp#27;[0m&amp#27;[32mthe page title should start with &amp#27;[0m&amp#27;[32m&amp#27;[1m"РќРѕСѓС‚Р±СѓРєРё HP, РїСЂРѕРґР°РІРµС†СЊ Rozetka"&amp#27;[0m &amp#27;[90m# com.cursor.definitions.RozetkaMainPageDefinition.checkTitle(java.lang.String)&amp#27;[0m
]]></system-out>
    <system-err><![CDATA[Starting ChromeDriver 106.0.5249.61 (511755355844955cd3e264779baf0dd38212a4d0-refs/branch-heads/5249@{#569}) on port 62860
Only local connections are allowed.
Please see https://chromedriver.chromium.org/security-considerations for suggestions on keeping ChromeDriver safe.
ChromeDriver was started successfully.
жовт. 21, 2022 8:47:31 ПП org.openqa.selenium.remote.ProtocolHandshake createSession
INFO: Detected upstream dialect: W3C
жовт. 21, 2022 8:47:31 ПП org.openqa.selenium.devtools.CdpVersionFinder findNearestMatch
WARNING: Unable to find an exact match for CDP version 106, so returning the closest version found: 104
жовт. 21, 2022 8:47:31 ПП org.openqa.selenium.devtools.CdpVersionFinder findNearestMatch
INFO: Found CDP implementation for version 106 of 104
]]></system-err>
  </testcase>
  <testcase name="runScenario[&quot;On Laptops page, choose seller Rozetka, brand HP and sort price from higher to lower&quot;, &quot;Rozetka All Laptop page&quot;](4)" classname="com.cursor.runner.CucumberRunnerTests" time="9.47">
    <system-out><![CDATA[
@Tag
Scenario: On Laptops page, choose seller Rozetka, brand HP and sort price from higher to lower &amp#27;[90m# src/test/resources/features/RozetkaAllLaptops.feature:12&amp#27;[0m
  &amp#27;[32mGiven &amp#27;[0m&amp#27;[32mI am On Rozetka Laptops page&amp#27;[0m                                                           &amp#27;[90m# com.cursor.definitions.AllLaptopPageDefinition.iAmInRozetkaLaptopsPage()&amp#27;[0m
&amp#27;[32mINFO &amp#27;[m	&amp#27;[34m2022-10-21  20:47:44.150&amp#27;[m AllLaptopPageBO:16 - &amp#27;[32mstart choosing Seller Rozetka And Brand HP in left sorting menu&amp#27;[m 
&amp#27;[32mINFO &amp#27;[m	&amp#27;[34m2022-10-21  20:47:46.669&amp#27;[m AllLaptopPage:43 - &amp#27;[32mChoose seller 'Rozetka' in left side sorting menu&amp#27;[m 
&amp#27;[32mINFO &amp#27;[m	&amp#27;[34m2022-10-21  20:47:48.929&amp#27;[m AllLaptopPage:49 - &amp#27;[32mChoose brand 'HP' in left side sorting menu&amp#27;[m 
  &amp#27;[32mWhen &amp#27;[0m&amp#27;[32mI choose seller Rozetka and brand HP&amp#27;[0m                                                    &amp#27;[90m# com.cursor.definitions.AllLaptopPageDefinition.iChooseSellerAndBrand()&amp#27;[0m
&amp#27;[32mINFO &amp#27;[m	&amp#27;[34m2022-10-21  20:47:49.095&amp#27;[m AllLaptopPageBO:24 - &amp#27;[32mSelect sorting from high to low prise in drop-down menu&amp#27;[m 
&amp#27;[32mINFO &amp#27;[m	&amp#27;[34m2022-10-21  20:47:49.095&amp#27;[m AllLaptopPage:31 - &amp#27;[32mClick on sorting drop-down menu&amp#27;[m 
&amp#27;[32mINFO &amp#27;[m	&amp#27;[34m2022-10-21  20:47:50.119&amp#27;[m AllLaptopPage:37 - &amp#27;[32mSelect 'From Higher to Lower Price' in sorting drop-down menu&amp#27;[m 
  &amp#27;[32mWhen &amp#27;[0m&amp#27;[32mI choose 'From Higher To Lower price' in drop-down menu&amp#27;[0m                                 &amp#27;[90m# com.cursor.definitions.AllLaptopPageDefinition.iChooseFromHigherToLowerPrise()&amp#27;[0m
  &amp#27;[32mThen &amp#27;[0m&amp#27;[32m'From Higher to lower prise' should be selected&amp#27;[0m                                         &amp#27;[90m# com.cursor.definitions.AllLaptopPageDefinition.checkFromHigherToLowerPriseIsSelected()&amp#27;[0m
]]></system-out>
    <system-err><![CDATA[Starting ChromeDriver 106.0.5249.61 (511755355844955cd3e264779baf0dd38212a4d0-refs/branch-heads/5249@{#569}) on port 57269
Only local connections are allowed.
Please see https://chromedriver.chromium.org/security-considerations for suggestions on keeping ChromeDriver safe.
ChromeDriver was started successfully.
жовт. 21, 2022 8:47:42 ПП org.openqa.selenium.remote.ProtocolHandshake createSession
INFO: Detected upstream dialect: W3C
жовт. 21, 2022 8:47:42 ПП org.openqa.selenium.devtools.CdpVersionFinder findNearestMatch
WARNING: Unable to find an exact match for CDP version 106, so returning the closest version found: 104
жовт. 21, 2022 8:47:42 ПП org.openqa.selenium.devtools.CdpVersionFinder findNearestMatch
INFO: Found CDP implementation for version 106 of 104
]]></system-err>
  </testcase>
  <testcase name="runScenario[&quot;On Laptops page after selection seller Rozetka, brand HP and price from higher to lower, choose first laptop&quot;, &quot;Rozetka All Laptop page&quot;](5)" classname="com.cursor.runner.CucumberRunnerTests" time="16.37">
    <system-out><![CDATA[
@Tag
Scenario: On Laptops page after selection seller Rozetka, brand HP and price from higher to lower, choose first laptop &amp#27;[90m# src/test/resources/features/RozetkaAllLaptops.feature:18&amp#27;[0m
  &amp#27;[32mGiven &amp#27;[0m&amp#27;[32mI am On Rozetka Laptops page&amp#27;[0m                                                                                   &amp#27;[90m# com.cursor.definitions.AllLaptopPageDefinition.iAmInRozetkaLaptopsPage()&amp#27;[0m
&amp#27;[32mINFO &amp#27;[m	&amp#27;[34m2022-10-21  20:47:53.675&amp#27;[m AllLaptopPageBO:16 - &amp#27;[32mstart choosing Seller Rozetka And Brand HP in left sorting menu&amp#27;[m 
&amp#27;[32mINFO &amp#27;[m	&amp#27;[34m2022-10-21  20:47:56.183&amp#27;[m AllLaptopPage:43 - &amp#27;[32mChoose seller 'Rozetka' in left side sorting menu&amp#27;[m 
&amp#27;[32mINFO &amp#27;[m	&amp#27;[34m2022-10-21  20:47:58.490&amp#27;[m AllLaptopPage:49 - &amp#27;[32mChoose brand 'HP' in left side sorting menu&amp#27;[m 
  &amp#27;[32mWhen &amp#27;[0m&amp#27;[32mI choose seller Rozetka and brand HP&amp#27;[0m                                                                            &amp#27;[90m# com.cursor.definitions.AllLaptopPageDefinition.iChooseSellerAndBrand()&amp#27;[0m
&amp#27;[32mINFO &amp#27;[m	&amp#27;[34m2022-10-21  20:47:58.633&amp#27;[m AllLaptopPageBO:24 - &amp#27;[32mSelect sorting from high to low prise in drop-down menu&amp#27;[m 
&amp#27;[32mINFO &amp#27;[m	&amp#27;[34m2022-10-21  20:47:58.634&amp#27;[m AllLaptopPage:31 - &amp#27;[32mClick on sorting drop-down menu&amp#27;[m 
&amp#27;[32mINFO &amp#27;[m	&amp#27;[34m2022-10-21  20:47:59.744&amp#27;[m AllLaptopPage:37 - &amp#27;[32mSelect 'From Higher to Lower Price' in sorting drop-down menu&amp#27;[m 
  &amp#27;[32mWhen &amp#27;[0m&amp#27;[32mI choose 'From Higher To Lower price' in drop-down menu&amp#27;[0m                                                         &amp#27;[90m# com.cursor.definitions.AllLaptopPageDefinition.iChooseFromHigherToLowerPrise()&amp#27;[0m
  &amp#27;[32mWhen &amp#27;[0m&amp#27;[32mI save title of first product on page&amp#27;[0m                                                                           &amp#27;[90m# com.cursor.definitions.AllLaptopPageDefinition.iSaveTitleOfFirstProductOnPage()&amp#27;[0m
&amp#27;[32mINFO &amp#27;[m	&amp#27;[34m2022-10-21  20:48:03.984&amp#27;[m AllLaptopPage:59 - &amp#27;[32mChoose first laptop on page after sorting&amp#27;[m 
  &amp#27;[32mWhen &amp#27;[0m&amp#27;[32mI choose first Laptop on page&amp#27;[0m                                                                                   &amp#27;[90m# com.cursor.definitions.AllLaptopPageDefinition.chooseFirstLaptop()&amp#27;[0m
titleOfChosenLaptop Ноутбук HP ZBook Studio G8 (4F8J6EA) Turbo Silver – низькі ціни, кредит, оплата частинами в інтернет-магазині ROZETKA | Купити в Україні: Києві, Харкові, Дніпрі, Одесі, Запоріжжі, Львові
titleOfFirstLaptopOnSortedLaptopPage Ноутбук HP ZBook Studio G8 (4F8J6EA) Turbo Silver
  &amp#27;[32mThen &amp#27;[0m&amp#27;[32mthe page title should be equals to title of first Laptop on sorted Laptops page&amp#27;[0m                                 &amp#27;[90m# com.cursor.definitions.AllLaptopPageDefinition.checkChosenLaptopTitle()&amp#27;[0m
]]></system-out>
    <system-err><![CDATA[Starting ChromeDriver 106.0.5249.61 (511755355844955cd3e264779baf0dd38212a4d0-refs/branch-heads/5249@{#569}) on port 53426
Only local connections are allowed.
Please see https://chromedriver.chromium.org/security-considerations for suggestions on keeping ChromeDriver safe.
ChromeDriver was started successfully.
жовт. 21, 2022 8:47:51 ПП org.openqa.selenium.remote.ProtocolHandshake createSession
INFO: Detected upstream dialect: W3C
жовт. 21, 2022 8:47:51 ПП org.openqa.selenium.devtools.CdpVersionFinder findNearestMatch
WARNING: Unable to find an exact match for CDP version 106, so returning the closest version found: 104
жовт. 21, 2022 8:47:51 ПП org.openqa.selenium.devtools.CdpVersionFinder findNearestMatch
INFO: Found CDP implementation for version 106 of 104
]]></system-err>
  </testcase>
  <testcase name="runScenario[&quot;Finding page with laptops&quot;, &quot;Rozetka Search&quot;](6)" classname="com.cursor.runner.CucumberRunnerTests" time="6.646">
    <system-out><![CDATA[
@Tag
Scenario Outline: Finding page with laptops        &amp#27;[90m# src/test/resources/features/RozetkaSearch.feature:12&amp#27;[0m
  &amp#27;[32mGiven &amp#27;[0m&amp#27;[32mI am On Rozetka main page&amp#27;[0m                  &amp#27;[90m# com.cursor.definitions.RozetkaMainPageDefinition.iAmInRozetkaMainPage()&amp#27;[0m
&amp#27;[32mINFO &amp#27;[m	&amp#27;[34m2022-10-21  20:48:09.597&amp#27;[m RozetkaMainPage:19 - &amp#27;[32mClick on SearchBar&amp#27;[m 
&amp#27;[32mINFO &amp#27;[m	&amp#27;[34m2022-10-21  20:48:10.740&amp#27;[m RozetkaMainPage:25 - &amp#27;[32mClear SearchBar&amp#27;[m 
&amp#27;[32mINFO &amp#27;[m	&amp#27;[34m2022-10-21  20:48:10.783&amp#27;[m RozetkaMainPage:31 - &amp#27;[32mSend query 'Laptop' to searchBar&amp#27;[m 
&amp#27;[32mINFO &amp#27;[m	&amp#27;[34m2022-10-21  20:48:10.841&amp#27;[m RozetkaMainPage:37 - &amp#27;[32mClick on search button and go to AllLaptopPage&amp#27;[m 
  &amp#27;[32mWhen &amp#27;[0m&amp#27;[32mI search for &amp#27;[0m&amp#27;[32m&amp#27;[1m"Laptop"&amp#27;[0m                       &amp#27;[90m# com.cursor.definitions.RozetkaMainPageDefinition.searchFor(java.lang.String)&amp#27;[0m
  &amp#27;[32mThen &amp#27;[0m&amp#27;[32mthe page title should start with &amp#27;[0m&amp#27;[32m&amp#27;[1m"РќРѕСѓС‚Р±СѓРєРё"&amp#27;[0m &amp#27;[90m# com.cursor.definitions.RozetkaMainPageDefinition.checkTitle(java.lang.String)&amp#27;[0m
]]></system-out>
    <system-err><![CDATA[Starting ChromeDriver 106.0.5249.61 (511755355844955cd3e264779baf0dd38212a4d0-refs/branch-heads/5249@{#569}) on port 58593
Only local connections are allowed.
Please see https://chromedriver.chromium.org/security-considerations for suggestions on keeping ChromeDriver safe.
ChromeDriver was started successfully.
жовт. 21, 2022 8:48:07 ПП org.openqa.selenium.remote.ProtocolHandshake createSession
INFO: Detected upstream dialect: W3C
жовт. 21, 2022 8:48:07 ПП org.openqa.selenium.devtools.CdpVersionFinder findNearestMatch
WARNING: Unable to find an exact match for CDP version 106, so returning the closest version found: 104
жовт. 21, 2022 8:48:07 ПП org.openqa.selenium.devtools.CdpVersionFinder findNearestMatch
INFO: Found CDP implementation for version 106 of 104
]]></system-err>
  </testcase>
  <testcase name="runScenario[&quot;Finding page with laptops&quot;, &quot;Rozetka Search&quot;](7)" classname="com.cursor.runner.CucumberRunnerTests" time="8.069">
    <system-out><![CDATA[
@Tag
Scenario Outline: Finding page with laptops          &amp#27;[90m# src/test/resources/features/RozetkaSearch.feature:13&amp#27;[0m
  &amp#27;[32mGiven &amp#27;[0m&amp#27;[32mI am On Rozetka main page&amp#27;[0m                    &amp#27;[90m# com.cursor.definitions.RozetkaMainPageDefinition.iAmInRozetkaMainPage()&amp#27;[0m
&amp#27;[32mINFO &amp#27;[m	&amp#27;[34m2022-10-21  20:48:16.753&amp#27;[m RozetkaMainPage:19 - &amp#27;[32mClick on SearchBar&amp#27;[m 
&amp#27;[32mINFO &amp#27;[m	&amp#27;[34m2022-10-21  20:48:16.838&amp#27;[m RozetkaMainPage:25 - &amp#27;[32mClear SearchBar&amp#27;[m 
&amp#27;[32mINFO &amp#27;[m	&amp#27;[34m2022-10-21  20:48:16.894&amp#27;[m RozetkaMainPage:31 - &amp#27;[32mSend query 'телевізор' to searchBar&amp#27;[m 
&amp#27;[32mINFO &amp#27;[m	&amp#27;[34m2022-10-21  20:48:16.982&amp#27;[m RozetkaMainPage:37 - &amp#27;[32mClick on search button and go to AllLaptopPage&amp#27;[m 
  &amp#27;[32mWhen &amp#27;[0m&amp#27;[32mI search for &amp#27;[0m&amp#27;[32m&amp#27;[1m"С‚РµР»РµРІС–Р·РѕСЂ"&amp#27;[0m                      &amp#27;[90m# com.cursor.definitions.RozetkaMainPageDefinition.searchFor(java.lang.String)&amp#27;[0m
  &amp#27;[32mThen &amp#27;[0m&amp#27;[32mthe page title should start with &amp#27;[0m&amp#27;[32m&amp#27;[1m"РўРµР»РµРІС–Р·РѕСЂРё"&amp#27;[0m &amp#27;[90m# com.cursor.definitions.RozetkaMainPageDefinition.checkTitle(java.lang.String)&amp#27;[0m
]]></system-out>
    <system-err><![CDATA[Starting ChromeDriver 106.0.5249.61 (511755355844955cd3e264779baf0dd38212a4d0-refs/branch-heads/5249@{#569}) on port 65487
Only local connections are allowed.
Please see https://chromedriver.chromium.org/security-considerations for suggestions on keeping ChromeDriver safe.
ChromeDriver was started successfully.
жовт. 21, 2022 8:48:14 ПП org.openqa.selenium.remote.ProtocolHandshake createSession
INFO: Detected upstream dialect: W3C
жовт. 21, 2022 8:48:14 ПП org.openqa.selenium.devtools.CdpVersionFinder findNearestMatch
WARNING: Unable to find an exact match for CDP version 106, so returning the closest version found: 104
жовт. 21, 2022 8:48:14 ПП org.openqa.selenium.devtools.CdpVersionFinder findNearestMatch
INFO: Found CDP implementation for version 106 of 104
]]></system-err>
  </testcase>
  <testcase name="runScenario[&quot;Finding page with laptops&quot;, &quot;Rozetka Search&quot;](8)" classname="com.cursor.runner.CucumberRunnerTests" time="6.585">
    <system-out><![CDATA[
@Tag
Scenario Outline: Finding page with laptops                 &amp#27;[90m# src/test/resources/features/RozetkaSearch.feature:14&amp#27;[0m
  &amp#27;[32mGiven &amp#27;[0m&amp#27;[32mI am On Rozetka main page&amp#27;[0m                           &amp#27;[90m# com.cursor.definitions.RozetkaMainPageDefinition.iAmInRozetkaMainPage()&amp#27;[0m
&amp#27;[32mINFO &amp#27;[m	&amp#27;[34m2022-10-21  20:48:24.563&amp#27;[m RozetkaMainPage:19 - &amp#27;[32mClick on SearchBar&amp#27;[m 
&amp#27;[32mINFO &amp#27;[m	&amp#27;[34m2022-10-21  20:48:25.274&amp#27;[m RozetkaMainPage:25 - &amp#27;[32mClear SearchBar&amp#27;[m 
&amp#27;[32mINFO &amp#27;[m	&amp#27;[34m2022-10-21  20:48:25.447&amp#27;[m RozetkaMainPage:31 - &amp#27;[32mSend query 'телефон' to searchBar&amp#27;[m 
&amp#27;[32mINFO &amp#27;[m	&amp#27;[34m2022-10-21  20:48:25.515&amp#27;[m RozetkaMainPage:37 - &amp#27;[32mClick on search button and go to AllLaptopPage&amp#27;[m 
  &amp#27;[32mWhen &amp#27;[0m&amp#27;[32mI search for &amp#27;[0m&amp#27;[32m&amp#27;[1m"С‚РµР»РµС„РѕРЅ"&amp#27;[0m                               &amp#27;[90m# com.cursor.definitions.RozetkaMainPageDefinition.searchFor(java.lang.String)&amp#27;[0m
  &amp#27;[32mThen &amp#27;[0m&amp#27;[32mthe page title should start with &amp#27;[0m&amp#27;[32m&amp#27;[1m"РњРѕР±С–Р»СЊРЅС– С‚РµР»РµС„РѕРЅРё"&amp#27;[0m &amp#27;[90m# com.cursor.definitions.RozetkaMainPageDefinition.checkTitle(java.lang.String)&amp#27;[0m
]]></system-out>
    <system-err><![CDATA[Starting ChromeDriver 106.0.5249.61 (511755355844955cd3e264779baf0dd38212a4d0-refs/branch-heads/5249@{#569}) on port 56569
Only local connections are allowed.
Please see https://chromedriver.chromium.org/security-considerations for suggestions on keeping ChromeDriver safe.
ChromeDriver was started successfully.
жовт. 21, 2022 8:48:22 ПП org.openqa.selenium.remote.ProtocolHandshake createSession
INFO: Detected upstream dialect: W3C
жовт. 21, 2022 8:48:22 ПП org.openqa.selenium.devtools.CdpVersionFinder findNearestMatch
WARNING: Unable to find an exact match for CDP version 106, so returning the closest version found: 104
жовт. 21, 2022 8:48:22 ПП org.openqa.selenium.devtools.CdpVersionFinder findNearestMatch
INFO: Found CDP implementation for version 106 of 104
]]></system-err>
  </testcase>
  <testcase name="runScenario[&quot;Finding page with laptops&quot;, &quot;Rozetka Search&quot;](9)" classname="com.cursor.runner.CucumberRunnerTests" time="8.879">
    <system-out><![CDATA[
@Tag
Scenario Outline: Finding page with laptops              &amp#27;[90m# src/test/resources/features/RozetkaSearch.feature:15&amp#27;[0m
  &amp#27;[32mGiven &amp#27;[0m&amp#27;[32mI am On Rozetka main page&amp#27;[0m                        &amp#27;[90m# com.cursor.definitions.RozetkaMainPageDefinition.iAmInRozetkaMainPage()&amp#27;[0m
&amp#27;[32mINFO &amp#27;[m	&amp#27;[34m2022-10-21  20:48:31.566&amp#27;[m RozetkaMainPage:19 - &amp#27;[32mClick on SearchBar&amp#27;[m 
&amp#27;[32mINFO &amp#27;[m	&amp#27;[34m2022-10-21  20:48:31.839&amp#27;[m RozetkaMainPage:25 - &amp#27;[32mClear SearchBar&amp#27;[m 
&amp#27;[32mINFO &amp#27;[m	&amp#27;[34m2022-10-21  20:48:31.902&amp#27;[m RozetkaMainPage:31 - &amp#27;[32mSend query 'пральна машина' to searchBar&amp#27;[m 
&amp#27;[32mINFO &amp#27;[m	&amp#27;[34m2022-10-21  20:48:31.988&amp#27;[m RozetkaMainPage:37 - &amp#27;[32mClick on search button and go to AllLaptopPage&amp#27;[m 
  &amp#27;[32mWhen &amp#27;[0m&amp#27;[32mI search for &amp#27;[0m&amp#27;[32m&amp#27;[1m"РїСЂР°Р»СЊРЅР° РјР°С€РёРЅР°"&amp#27;[0m                     &amp#27;[90m# com.cursor.definitions.RozetkaMainPageDefinition.searchFor(java.lang.String)&amp#27;[0m
  &amp#27;[32mThen &amp#27;[0m&amp#27;[32mthe page title should start with &amp#27;[0m&amp#27;[32m&amp#27;[1m"РџСЂР°Р»СЊРЅС– РјР°С€РёРЅРё"&amp#27;[0m &amp#27;[90m# com.cursor.definitions.RozetkaMainPageDefinition.checkTitle(java.lang.String)&amp#27;[0m
]]></system-out>
    <system-err><![CDATA[Starting ChromeDriver 106.0.5249.61 (511755355844955cd3e264779baf0dd38212a4d0-refs/branch-heads/5249@{#569}) on port 57326
Only local connections are allowed.
Please see https://chromedriver.chromium.org/security-considerations for suggestions on keeping ChromeDriver safe.
ChromeDriver was started successfully.
жовт. 21, 2022 8:48:29 ПП org.openqa.selenium.remote.ProtocolHandshake createSession
INFO: Detected upstream dialect: W3C
жовт. 21, 2022 8:48:29 ПП org.openqa.selenium.devtools.CdpVersionFinder findNearestMatch
WARNING: Unable to find an exact match for CDP version 106, so returning the closest version found: 104
жовт. 21, 2022 8:48:29 ПП org.openqa.selenium.devtools.CdpVersionFinder findNearestMatch
INFO: Found CDP implementation for version 106 of 104
]]></system-err>
  </testcase>
</testsuite>