<?xml version="1.0" encoding="UTF-8"?>
<!-- Generated by org.testng.reporters.JUnitReportReporter -->
<testsuite hostname="DESKTOP-FIKRCRL" failures="0" tests="9" name="com.cursor.runner.CucumberRunnerTests" time="94.679" errors="0" timestamp="2022-10-21T20:48:37 EEST" skipped="0">
  <testcase classname="com.cursor.runner.CucumberRunnerTests" name="runScenario" time="6.645"/>
  <system-out/>
  <testcase classname="com.cursor.runner.CucumberRunnerTests" name="runScenario" time="8.069"/>
  <system-out/>
  <testcase classname="com.cursor.runner.CucumberRunnerTests" name="runScenario" time="13.944"/>
  <system-out/>
  <testcase classname="com.cursor.runner.CucumberRunnerTests" name="runScenario" time="14.374"/>
  <system-out/>
  <testcase classname="com.cursor.runner.CucumberRunnerTests" name="runScenario" time="10.345"/>
  <system-out/>
  <testcase classname="com.cursor.runner.CucumberRunnerTests" name="runScenario" time="16.369"/>
  <system-out/>
  <testcase classname="com.cursor.runner.CucumberRunnerTests" name="runScenario" time="8.879"/>
  <system-out/>
  <testcase classname="com.cursor.runner.CucumberRunnerTests" name="runScenario" time="9.469"/>
  <system-out/>
  <testcase classname="com.cursor.runner.CucumberRunnerTests" name="runScenario" time="6.585"/>
  <system-out/>
</testsuite> <!-- com.cursor.runner.CucumberRunnerTests -->
